{"D:\\Vini\\Programação-Estudos\\test\\Be-the-hero\\backend\\knexfile.js": {"path":"D:\\Vini\\Programação-Estudos\\test\\Be-the-hero\\backend\\knexfile.js","statementMap":{"0":{"start":{"line":3,"column":0},"end":{"line":59,"column":2}}},"fnMap":{},"branchMap":{},"s":{"0":2},"f":{},"b":{},"_coverageSchema":"1a1c01bbd47fc00a2c39e90264f33305004495a9","hash":"d63691968dd16d4ff0639d73672fdedbb663bb60"}
,"D:\\Vini\\Programação-Estudos\\test\\Be-the-hero\\backend\\src\\app.js": {"path":"D:\\Vini\\Programação-Estudos\\test\\Be-the-hero\\backend\\src\\app.js","statementMap":{"0":{"start":{"line":1,"column":16},"end":{"line":1,"column":34}},"1":{"start":{"line":2,"column":13},"end":{"line":2,"column":28}},"2":{"start":{"line":3,"column":19},"end":{"line":3,"column":39}},"3":{"start":{"line":4,"column":15},"end":{"line":4,"column":34}},"4":{"start":{"line":6,"column":12},"end":{"line":6,"column":21}},"5":{"start":{"line":8,"column":0},"end":{"line":8,"column":16}},"6":{"start":{"line":9,"column":0},"end":{"line":9,"column":24}},"7":{"start":{"line":10,"column":0},"end":{"line":10,"column":16}},"8":{"start":{"line":11,"column":0},"end":{"line":11,"column":18}},"9":{"start":{"line":13,"column":0},"end":{"line":13,"column":21}}},"fnMap":{},"branchMap":{},"s":{"0":2,"1":2,"2":2,"3":2,"4":2,"5":2,"6":2,"7":2,"8":2,"9":2},"f":{},"b":{},"_coverageSchema":"1a1c01bbd47fc00a2c39e90264f33305004495a9","hash":"bbc20b89d1685e14bbb5aab21e383fd08bd6f7d7"}
,"D:\\Vini\\Programação-Estudos\\test\\Be-the-hero\\backend\\src\\routes.js": {"path":"D:\\Vini\\Programação-Estudos\\test\\Be-the-hero\\backend\\src\\routes.js","statementMap":{"0":{"start":{"line":1,"column":16},"end":{"line":1,"column":34}},"1":{"start":{"line":2,"column":37},"end":{"line":2,"column":57}},"2":{"start":{"line":4,"column":22},"end":{"line":4,"column":60}},"3":{"start":{"line":5,"column":27},"end":{"line":5,"column":70}},"4":{"start":{"line":6,"column":26},"end":{"line":6,"column":68}},"5":{"start":{"line":7,"column":26},"end":{"line":7,"column":68}},"6":{"start":{"line":9,"column":15},"end":{"line":9,"column":31}},"7":{"start":{"line":11,"column":0},"end":{"line":15,"column":30}},"8":{"start":{"line":17,"column":0},"end":{"line":17,"column":41}},"9":{"start":{"line":19,"column":0},"end":{"line":27,"column":26}},"10":{"start":{"line":29,"column":0},"end":{"line":33,"column":28}},"11":{"start":{"line":35,"column":0},"end":{"line":39,"column":30}},"12":{"start":{"line":41,"column":0},"end":{"line":50,"column":30}},"13":{"start":{"line":52,"column":0},"end":{"line":56,"column":31}},"14":{"start":{"line":58,"column":0},"end":{"line":58,"column":24}}},"fnMap":{},"branchMap":{},"s":{"0":2,"1":2,"2":2,"3":2,"4":2,"5":2,"6":2,"7":2,"8":2,"9":2,"10":2,"11":2,"12":2,"13":2,"14":2},"f":{},"b":{},"_coverageSchema":"1a1c01bbd47fc00a2c39e90264f33305004495a9","hash":"10b5da54ec37b9fc5415a8179c50c7ecf79c9b79"}
,"D:\\Vini\\Programação-Estudos\\test\\Be-the-hero\\backend\\src\\controllers\\IncidentController.js": {"path":"D:\\Vini\\Programação-Estudos\\test\\Be-the-hero\\backend\\src\\controllers\\IncidentController.js","statementMap":{"0":{"start":{"line":1,"column":19},"end":{"line":1,"column":52}},"1":{"start":{"line":3,"column":0},"end":{"line":58,"column":1}},"2":{"start":{"line":5,"column":29},"end":{"line":5,"column":38}},"3":{"start":{"line":7,"column":24},"end":{"line":7,"column":61}},"4":{"start":{"line":9,"column":26},"end":{"line":20,"column":10}},"5":{"start":{"line":22,"column":8},"end":{"line":22,"column":55}},"6":{"start":{"line":24,"column":8},"end":{"line":24,"column":35}},"7":{"start":{"line":28,"column":46},"end":{"line":28,"column":54}},"8":{"start":{"line":29,"column":23},"end":{"line":29,"column":48}},"9":{"start":{"line":31,"column":21},"end":{"line":36,"column":10}},"10":{"start":{"line":38,"column":8},"end":{"line":38,"column":32}},"11":{"start":{"line":42,"column":23},"end":{"line":42,"column":33}},"12":{"start":{"line":43,"column":23},"end":{"line":43,"column":48}},"13":{"start":{"line":45,"column":25},"end":{"line":48,"column":16}},"14":{"start":{"line":50,"column":8},"end":{"line":52,"column":9}},"15":{"start":{"line":51,"column":12},"end":{"line":51,"column":74}},"16":{"start":{"line":54,"column":8},"end":{"line":54,"column":63}},"17":{"start":{"line":56,"column":8},"end":{"line":56,"column":38}}},"fnMap":{"0":{"name":"(anonymous_0)","decl":{"start":{"line":4,"column":4},"end":{"line":4,"column":5}},"loc":{"start":{"line":4,"column":27},"end":{"line":25,"column":5}},"line":4},"1":{"name":"(anonymous_1)","decl":{"start":{"line":27,"column":4},"end":{"line":27,"column":5}},"loc":{"start":{"line":27,"column":28},"end":{"line":39,"column":5}},"line":27},"2":{"name":"(anonymous_2)","decl":{"start":{"line":41,"column":4},"end":{"line":41,"column":5}},"loc":{"start":{"line":41,"column":28},"end":{"line":57,"column":5}},"line":41}},"branchMap":{"0":{"loc":{"start":{"line":5,"column":16},"end":{"line":5,"column":24}},"type":"default-arg","locations":[{"start":{"line":5,"column":23},"end":{"line":5,"column":24}}],"line":5},"1":{"loc":{"start":{"line":50,"column":8},"end":{"line":52,"column":9}},"type":"if","locations":[{"start":{"line":50,"column":8},"end":{"line":52,"column":9}},{"start":{},"end":{}}],"line":50}},"s":{"0":2,"1":2,"2":1,"3":1,"4":1,"5":1,"6":1,"7":1,"8":1,"9":1,"10":1,"11":0,"12":0,"13":0,"14":0,"15":0,"16":0,"17":0},"f":{"0":1,"1":1,"2":0},"b":{"0":[1],"1":[0,0]},"_coverageSchema":"1a1c01bbd47fc00a2c39e90264f33305004495a9","hash":"2a6ac86fcc81ee54721de975dbd02499fc105a35"}
,"D:\\Vini\\Programação-Estudos\\test\\Be-the-hero\\backend\\src\\controllers\\OngController.js": {"path":"D:\\Vini\\Programação-Estudos\\test\\Be-the-hero\\backend\\src\\controllers\\OngController.js","statementMap":{"0":{"start":{"line":1,"column":25},"end":{"line":1,"column":61}},"1":{"start":{"line":3,"column":19},"end":{"line":3,"column":52}},"2":{"start":{"line":5,"column":0},"end":{"line":28,"column":1}},"3":{"start":{"line":7,"column":21},"end":{"line":7,"column":57}},"4":{"start":{"line":9,"column":8},"end":{"line":9,"column":30}},"5":{"start":{"line":13,"column":52},"end":{"line":13,"column":60}},"6":{"start":{"line":15,"column":15},"end":{"line":15,"column":33}},"7":{"start":{"line":17,"column":4},"end":{"line":24,"column":6}},"8":{"start":{"line":26,"column":4},"end":{"line":26,"column":28}}},"fnMap":{"0":{"name":"(anonymous_0)","decl":{"start":{"line":6,"column":4},"end":{"line":6,"column":5}},"loc":{"start":{"line":6,"column":26},"end":{"line":10,"column":5}},"line":6},"1":{"name":"(anonymous_1)","decl":{"start":{"line":12,"column":4},"end":{"line":12,"column":5}},"loc":{"start":{"line":12,"column":27},"end":{"line":27,"column":5}},"line":12}},"branchMap":{},"s":{"0":2,"1":2,"2":2,"3":0,"4":0,"5":1,"6":1,"7":1,"8":1},"f":{"0":0,"1":1},"b":{},"_coverageSchema":"1a1c01bbd47fc00a2c39e90264f33305004495a9","hash":"6a3fff1ac12938904ddf1d831155e7f96221f7c9"}
,"D:\\Vini\\Programação-Estudos\\test\\Be-the-hero\\backend\\src\\controllers\\ProfileController.js": {"path":"D:\\Vini\\Programação-Estudos\\test\\Be-the-hero\\backend\\src\\controllers\\ProfileController.js","statementMap":{"0":{"start":{"line":1,"column":19},"end":{"line":1,"column":52}},"1":{"start":{"line":3,"column":0},"end":{"line":13,"column":1}},"2":{"start":{"line":5,"column":23},"end":{"line":5,"column":48}},"3":{"start":{"line":7,"column":26},"end":{"line":9,"column":20}},"4":{"start":{"line":11,"column":8},"end":{"line":11,"column":35}}},"fnMap":{"0":{"name":"(anonymous_0)","decl":{"start":{"line":4,"column":4},"end":{"line":4,"column":5}},"loc":{"start":{"line":4,"column":27},"end":{"line":12,"column":5}},"line":4}},"branchMap":{},"s":{"0":2,"1":2,"2":1,"3":1,"4":1},"f":{"0":1},"b":{},"_coverageSchema":"1a1c01bbd47fc00a2c39e90264f33305004495a9","hash":"494406e8a10d4283e3b5ce7e8edbf3fd47331556"}
,"D:\\Vini\\Programação-Estudos\\test\\Be-the-hero\\backend\\src\\controllers\\SessionController.js": {"path":"D:\\Vini\\Programação-Estudos\\test\\Be-the-hero\\backend\\src\\controllers\\SessionController.js","statementMap":{"0":{"start":{"line":1,"column":19},"end":{"line":1,"column":52}},"1":{"start":{"line":4,"column":0},"end":{"line":18,"column":1}},"2":{"start":{"line":6,"column":23},"end":{"line":6,"column":31}},"3":{"start":{"line":8,"column":20},"end":{"line":10,"column":16}},"4":{"start":{"line":12,"column":8},"end":{"line":14,"column":9}},"5":{"start":{"line":13,"column":12},"end":{"line":13,"column":79}},"6":{"start":{"line":16,"column":8},"end":{"line":16,"column":29}}},"fnMap":{"0":{"name":"(anonymous_0)","decl":{"start":{"line":5,"column":4},"end":{"line":5,"column":5}},"loc":{"start":{"line":5,"column":28},"end":{"line":17,"column":5}},"line":5}},"branchMap":{"0":{"loc":{"start":{"line":12,"column":8},"end":{"line":14,"column":9}},"type":"if","locations":[{"start":{"line":12,"column":8},"end":{"line":14,"column":9}},{"start":{},"end":{}}],"line":12}},"s":{"0":2,"1":2,"2":0,"3":0,"4":0,"5":0,"6":0},"f":{"0":0},"b":{"0":[0,0]},"_coverageSchema":"1a1c01bbd47fc00a2c39e90264f33305004495a9","hash":"600c2db61c1eac69b561af58db88a1fe19e1d904"}
,"D:\\Vini\\Programação-Estudos\\test\\Be-the-hero\\backend\\src\\database\\connection.js": {"path":"D:\\Vini\\Programação-Estudos\\test\\Be-the-hero\\backend\\src\\database\\connection.js","statementMap":{"0":{"start":{"line":1,"column":13},"end":{"line":1,"column":28}},"1":{"start":{"line":2,"column":22},"end":{"line":2,"column":47}},"2":{"start":{"line":4,"column":15},"end":{"line":4,"column":95}},"3":{"start":{"line":6,"column":19},"end":{"line":6,"column":31}},"4":{"start":{"line":8,"column":0},"end":{"line":8,"column":28}}},"fnMap":{},"branchMap":{"0":{"loc":{"start":{"line":4,"column":15},"end":{"line":4,"column":95}},"type":"cond-expr","locations":[{"start":{"line":4,"column":49},"end":{"line":4,"column":67}},{"start":{"line":4,"column":70},"end":{"line":4,"column":95}}],"line":4}},"s":{"0":2,"1":2,"2":2,"3":2,"4":2},"f":{},"b":{"0":[2,0]},"_coverageSchema":"1a1c01bbd47fc00a2c39e90264f33305004495a9","hash":"d80e13a53edf3cbb7edbb4016f84601504765ea1"}
,"D:\\Vini\\Programação-Estudos\\test\\Be-the-hero\\backend\\src\\database\\migrations\\20200324121435_create_ongs.js": {"path":"D:\\Vini\\Programação-Estudos\\test\\Be-the-hero\\backend\\src\\database\\migrations\\20200324121435_create_ongs.js","statementMap":{"0":{"start":{"line":2,"column":0},"end":{"line":11,"column":2}},"1":{"start":{"line":3,"column":2},"end":{"line":10,"column":4}},"2":{"start":{"line":4,"column":4},"end":{"line":4,"column":33}},"3":{"start":{"line":5,"column":4},"end":{"line":5,"column":39}},"4":{"start":{"line":6,"column":4},"end":{"line":6,"column":40}},"5":{"start":{"line":7,"column":4},"end":{"line":7,"column":43}},"6":{"start":{"line":8,"column":4},"end":{"line":8,"column":39}},"7":{"start":{"line":9,"column":4},"end":{"line":9,"column":40}},"8":{"start":{"line":13,"column":0},"end":{"line":15,"column":2}},"9":{"start":{"line":14,"column":2},"end":{"line":14,"column":39}}},"fnMap":{"0":{"name":"(anonymous_0)","decl":{"start":{"line":2,"column":13},"end":{"line":2,"column":14}},"loc":{"start":{"line":2,"column":28},"end":{"line":11,"column":1}},"line":2},"1":{"name":"(anonymous_1)","decl":{"start":{"line":3,"column":41},"end":{"line":3,"column":42}},"loc":{"start":{"line":3,"column":57},"end":{"line":10,"column":3}},"line":3},"2":{"name":"(anonymous_2)","decl":{"start":{"line":13,"column":15},"end":{"line":13,"column":16}},"loc":{"start":{"line":13,"column":30},"end":{"line":15,"column":1}},"line":13}},"branchMap":{},"s":{"0":2,"1":4,"2":4,"3":4,"4":4,"5":4,"6":4,"7":4,"8":2,"9":4},"f":{"0":4,"1":4,"2":4},"b":{},"_coverageSchema":"1a1c01bbd47fc00a2c39e90264f33305004495a9","hash":"03f1afbac2115961b2936bfb98584fabae879e47"}
,"D:\\Vini\\Programação-Estudos\\test\\Be-the-hero\\backend\\src\\database\\migrations\\20200324122256_create_incidents.js": {"path":"D:\\Vini\\Programação-Estudos\\test\\Be-the-hero\\backend\\src\\database\\migrations\\20200324122256_create_incidents.js","statementMap":{"0":{"start":{"line":2,"column":0},"end":{"line":13,"column":2}},"1":{"start":{"line":3,"column":2},"end":{"line":12,"column":4}},"2":{"start":{"line":4,"column":4},"end":{"line":4,"column":23}},"3":{"start":{"line":5,"column":4},"end":{"line":5,"column":40}},"4":{"start":{"line":6,"column":4},"end":{"line":6,"column":46}},"5":{"start":{"line":7,"column":4},"end":{"line":7,"column":41}},"6":{"start":{"line":9,"column":4},"end":{"line":9,"column":41}},"7":{"start":{"line":11,"column":4},"end":{"line":11,"column":61}},"8":{"start":{"line":15,"column":0},"end":{"line":17,"column":2}},"9":{"start":{"line":16,"column":2},"end":{"line":16,"column":44}}},"fnMap":{"0":{"name":"(anonymous_0)","decl":{"start":{"line":2,"column":13},"end":{"line":2,"column":14}},"loc":{"start":{"line":2,"column":28},"end":{"line":13,"column":1}},"line":2},"1":{"name":"(anonymous_1)","decl":{"start":{"line":3,"column":46},"end":{"line":3,"column":47}},"loc":{"start":{"line":3,"column":62},"end":{"line":12,"column":3}},"line":3},"2":{"name":"(anonymous_2)","decl":{"start":{"line":15,"column":15},"end":{"line":15,"column":16}},"loc":{"start":{"line":15,"column":30},"end":{"line":17,"column":1}},"line":15}},"branchMap":{},"s":{"0":2,"1":4,"2":4,"3":4,"4":4,"5":4,"6":4,"7":4,"8":2,"9":4},"f":{"0":4,"1":4,"2":4},"b":{},"_coverageSchema":"1a1c01bbd47fc00a2c39e90264f33305004495a9","hash":"50e80723811494abe22b68b694e360f47a499ade"}
,"D:\\Vini\\Programação-Estudos\\test\\Be-the-hero\\backend\\src\\utils\\generateUniqueId.js": {"path":"D:\\Vini\\Programação-Estudos\\test\\Be-the-hero\\backend\\src\\utils\\generateUniqueId.js","statementMap":{"0":{"start":{"line":1,"column":15},"end":{"line":1,"column":32}},"1":{"start":{"line":3,"column":0},"end":{"line":5,"column":1}},"2":{"start":{"line":4,"column":4},"end":{"line":4,"column":49}}},"fnMap":{"0":{"name":"generateUniqueId","decl":{"start":{"line":3,"column":26},"end":{"line":3,"column":42}},"loc":{"start":{"line":3,"column":46},"end":{"line":5,"column":1}},"line":3}},"branchMap":{},"s":{"0":3,"1":3,"2":2},"f":{"0":2},"b":{},"_coverageSchema":"1a1c01bbd47fc00a2c39e90264f33305004495a9","hash":"86b31c70c9c5ba65c8309229da003e8ee644d20c"}
}
