TN:
SF:knexfile.js
FNF:0
FNH:0
DA:3,2
LF:1
LH:1
BRF:0
BRH:0
end_of_record
TN:
SF:src\app.js
FNF:0
FNH:0
DA:1,2
DA:2,2
DA:3,2
DA:4,2
DA:6,2
DA:8,2
DA:9,2
DA:10,2
DA:11,2
DA:13,2
LF:10
LH:10
BRF:0
BRH:0
end_of_record
TN:
SF:src\routes.js
FNF:0
FNH:0
DA:1,2
DA:2,2
DA:4,2
DA:5,2
DA:6,2
DA:7,2
DA:9,2
DA:11,2
DA:17,2
DA:19,2
DA:29,2
DA:35,2
DA:41,2
DA:52,2
DA:58,2
LF:15
LH:15
BRF:0
BRH:0
end_of_record
TN:
SF:src\controllers\IncidentController.js
FN:4,(anonymous_0)
FN:27,(anonymous_1)
FN:41,(anonymous_2)
FNF:3
FNH:2
FNDA:1,(anonymous_0)
FNDA:1,(anonymous_1)
FNDA:0,(anonymous_2)
DA:1,2
DA:3,2
DA:5,1
DA:7,1
DA:9,1
DA:22,1
DA:24,1
DA:28,1
DA:29,1
DA:31,1
DA:38,1
DA:42,0
DA:43,0
DA:45,0
DA:50,0
DA:51,0
DA:54,0
DA:56,0
LF:18
LH:11
BRDA:5,0,0,1
BRDA:50,1,0,0
BRDA:50,1,1,0
BRF:3
BRH:1
end_of_record
TN:
SF:src\controllers\OngController.js
FN:6,(anonymous_0)
FN:12,(anonymous_1)
FNF:2
FNH:1
FNDA:0,(anonymous_0)
FNDA:1,(anonymous_1)
DA:1,2
DA:3,2
DA:5,2
DA:7,0
DA:9,0
DA:13,1
DA:15,1
DA:17,1
DA:26,1
LF:9
LH:7
BRF:0
BRH:0
end_of_record
TN:
SF:src\controllers\ProfileController.js
FN:4,(anonymous_0)
FNF:1
FNH:1
FNDA:1,(anonymous_0)
DA:1,2
DA:3,2
DA:5,1
DA:7,1
DA:11,1
LF:5
LH:5
BRF:0
BRH:0
end_of_record
TN:
SF:src\controllers\SessionController.js
FN:5,(anonymous_0)
FNF:1
FNH:0
FNDA:0,(anonymous_0)
DA:1,2
DA:4,2
DA:6,0
DA:8,0
DA:12,0
DA:13,0
DA:16,0
LF:7
LH:2
BRDA:12,0,0,0
BRDA:12,0,1,0
BRF:2
BRH:0
end_of_record
TN:
SF:src\database\connection.js
FNF:0
FNH:0
DA:1,2
DA:2,2
DA:4,2
DA:6,2
DA:8,2
LF:5
LH:5
BRDA:4,0,0,2
BRDA:4,0,1,0
BRF:2
BRH:1
end_of_record
TN:
SF:src\database\migrations\20200324121435_create_ongs.js
FN:2,(anonymous_0)
FN:3,(anonymous_1)
FN:13,(anonymous_2)
FNF:3
FNH:3
FNDA:4,(anonymous_0)
FNDA:4,(anonymous_1)
FNDA:4,(anonymous_2)
DA:2,2
DA:3,4
DA:4,4
DA:5,4
DA:6,4
DA:7,4
DA:8,4
DA:9,4
DA:13,2
DA:14,4
LF:10
LH:10
BRF:0
BRH:0
end_of_record
TN:
SF:src\database\migrations\20200324122256_create_incidents.js
FN:2,(anonymous_0)
FN:3,(anonymous_1)
FN:15,(anonymous_2)
FNF:3
FNH:3
FNDA:4,(anonymous_0)
FNDA:4,(anonymous_1)
FNDA:4,(anonymous_2)
DA:2,2
DA:3,4
DA:4,4
DA:5,4
DA:6,4
DA:7,4
DA:9,4
DA:11,4
DA:15,2
DA:16,4
LF:10
LH:10
BRF:0
BRH:0
end_of_record
TN:
SF:src\utils\generateUniqueId.js
FN:3,generateUniqueId
FNF:1
FNH:1
FNDA:2,generateUniqueId
DA:1,3
DA:3,3
DA:4,2
LF:3
LH:3
BRF:0
BRH:0
end_of_record
